2015-04-06 14:43:07,003 - log - CRITICAL - read ,write,delete,mail,gmail session clear
2015-04-06 14:43:10,579 - log - INFO - parse_response_text
2015-04-06 14:43:10,579 - log - INFO - email_check
2015-04-06 14:43:10,584 - log - INFO - (u'ya29.TQGZbPLR-l-9o6fVtVAmni1zaZlHDqvgKBjNA_JZRaaC01MyRjCNLxTxH2qS0PLbeuF13bk8fjc0yQ', '')
2015-04-06 14:43:10,584 - log - INFO - write permission
2015-04-06 14:43:10,584 - log - INFO - (u'ya29.TQGZbPLR-l-9o6fVtVAmni1zaZlHDqvgKBjNA_JZRaaC01MyRjCNLxTxH2qS0PLbeuF13bk8fjc0yQ', '')
2015-04-06 14:43:10,584 - log - INFO - no delete permisssion
2015-04-06 14:43:11,544 - log - INFO - simple login
2015-04-06 14:43:22,929 - log - INFO - 16077
2015-04-06 14:43:23,385 - log - DEBUG - error in chossing metrics
2015-04-06 14:43:37,181 - log - INFO - add suggestions alok.kumar@unbxd.com:productDescription:16077
2015-04-06 14:43:37,182 - log - INFO - updated the suggestion data
2015-04-06 14:43:37,195 - log - INFO - 16077
2015-04-06 14:43:37,643 - log - DEBUG - error in chossing metrics
2015-04-06 14:43:54,089 - log - INFO - commitalok.kumar@unbxd.com:fundit_comxa_com-u1425893495473:16077
2015-04-06 14:43:54,107 - log - INFO - 16742
2015-04-06 14:43:54,467 - log - DEBUG - error in chossing metrics
2015-04-06 14:47:50,592 - log - CRITICAL - read ,write,delete,mail,gmail session clear
2015-04-06 14:48:12,724 - log - INFO - parse_response_text
2015-04-06 14:48:12,724 - log - INFO - email_check
2015-04-06 14:48:12,729 - log - INFO - (u'ya29.TQE7b8LO6_fbigLX6WNDDJA-cpm6rbNauMnH1Wlm_N6bqN7T515t4C5MvhJ23SpLXBVmViwusNLtAg', '')
2015-04-06 14:48:12,729 - log - INFO - write permission
2015-04-06 14:48:12,729 - log - INFO - (u'ya29.TQE7b8LO6_fbigLX6WNDDJA-cpm6rbNauMnH1Wlm_N6bqN7T515t4C5MvhJ23SpLXBVmViwusNLtAg', '')
2015-04-06 14:48:12,729 - log - INFO - no delete permisssion
2015-04-06 14:48:13,768 - log - INFO - simple login
2015-04-06 14:48:25,589 - log - INFO - 16077
2015-04-06 14:48:26,461 - log - DEBUG - error in chossing metrics
2015-04-06 14:48:44,103 - log - INFO - add suggestions alok.kumar@unbxd.com:productDescription*gender:16077
2015-04-06 14:48:44,103 - log - INFO - updated the suggestion data
2015-04-06 14:48:44,141 - log - INFO - 16077
2015-04-06 14:48:44,567 - log - DEBUG - error in chossing metrics
2015-04-06 14:49:00,620 - log - INFO - commitalok.kumar@unbxd.com:fundit_comxa_com-u1425893495473:16077
2015-04-06 14:49:00,652 - log - INFO - 16742
2015-04-06 14:49:01,034 - log - DEBUG - error in chossing metrics
2015-04-06 14:51:10,211 - log - INFO - add suggestions alok.kumar@unbxd.com:brand:16742
2015-04-06 14:51:10,212 - log - INFO - updated the suggestion data
2015-04-06 14:51:10,234 - log - INFO - 16742
2015-04-06 14:51:10,619 - log - DEBUG - error in chossing metrics
2015-04-06 14:51:22,712 - log - INFO - commitalok.kumar@unbxd.com:testyou-u1426674141111:16742
2015-04-06 14:51:22,729 - log - INFO - insert
2015-04-06 14:51:23,134 - log - DEBUG - No JSON object could be decoded
2015-04-06 14:51:23,165 - log - INFO - error in alert
2015-04-06 14:51:30,812 - log - CRITICAL - read ,write,delete,mail,gmail session clear
2015-04-06 14:51:34,176 - log - INFO - parse_response_text
2015-04-06 14:51:34,176 - log - INFO - email_check
2015-04-06 14:51:34,181 - log - INFO - (u'ya29.TQFsyjVdIrqEYmXOg9k6QK8IuiPTEG4eyn6f5dwS-gPad2PitJ_1FJF9E1IU1nQ9k0Tnh8KnUPPoNg', '')
2015-04-06 14:51:34,181 - log - INFO - write permission
2015-04-06 14:51:34,181 - log - INFO - (u'ya29.TQFsyjVdIrqEYmXOg9k6QK8IuiPTEG4eyn6f5dwS-gPad2PitJ_1FJF9E1IU1nQ9k0Tnh8KnUPPoNg', '')
2015-04-06 14:51:34,181 - log - INFO - no delete permisssion
2015-04-06 14:51:35,066 - log - INFO - simple login
2015-04-06 14:51:46,339 - log - INFO - 16077
2015-04-06 14:51:48,466 - log - DEBUG - error in chossing metrics
2015-04-06 14:52:05,304 - log - INFO - add suggestions alok.kumar@unbxd.com:gender:16077
2015-04-06 14:52:05,305 - log - INFO - updated the suggestion data
2015-04-06 14:52:05,328 - log - INFO - 16077
2015-04-06 14:52:05,710 - log - DEBUG - error in chossing metrics
2015-04-06 14:52:23,016 - log - INFO - commitalok.kumar@unbxd.com:fundit_comxa_com-u1425893495473:16077
2015-04-06 14:52:23,026 - log - INFO - 16742
2015-04-06 14:52:23,386 - log - DEBUG - error in chossing metrics
2015-04-06 14:54:24,242 - log - CRITICAL - read ,write,delete,mail,gmail session clear
2015-04-06 14:54:27,908 - log - INFO - parse_response_text
2015-04-06 14:54:27,908 - log - INFO - email_check
2015-04-06 14:54:27,911 - log - INFO - (u'ya29.TQFMcpVr9CUMv6uL3LsmP450q0ubjqCbxwh7o698Xrk5Kaq8o0WwARSDGYnSTf4dNvU-kH974ZHgvw', '')
2015-04-06 14:54:27,912 - log - INFO - write permission
2015-04-06 14:54:27,912 - log - INFO - (u'ya29.TQFMcpVr9CUMv6uL3LsmP450q0ubjqCbxwh7o698Xrk5Kaq8o0WwARSDGYnSTf4dNvU-kH974ZHgvw', '')
2015-04-06 14:54:27,912 - log - INFO - no delete permisssion
2015-04-06 14:54:29,070 - log - INFO - simple login
2015-04-06 14:54:43,597 - log - INFO - 16077
2015-04-06 14:54:44,056 - log - DEBUG - error in chossing metrics
2015-04-06 14:55:00,055 - log - INFO - add suggestions alok.kumar@unbxd.com:price:16077
2015-04-06 14:55:00,056 - log - INFO - updated the suggestion data
2015-04-06 14:55:00,075 - log - INFO - 16077
2015-04-06 14:55:00,494 - log - DEBUG - error in chossing metrics
2015-04-06 14:55:15,616 - log - INFO - commitalok.kumar@unbxd.com:fundit_comxa_com-u1425893495473:16077
2015-04-06 14:55:15,626 - log - INFO - 16742
2015-04-06 14:55:17,175 - log - DEBUG - error in chossing metrics
2015-04-06 14:59:46,273 - log - CRITICAL - read ,write,delete,mail,gmail session clear
2015-04-06 15:00:25,387 - log - INFO - parse_response_text
2015-04-06 15:00:25,387 - log - INFO - email_check
2015-04-06 15:00:25,392 - log - INFO - (u'ya29.TQHTZwqpgDHtheYNNO8wx4gBgkSXvJcK4GXTSZLKSAeamE4geBl4tlnUjnEIyeObM3TrEeC9W1-hCw', '')
2015-04-06 15:00:25,392 - log - INFO - write permission
2015-04-06 15:00:25,392 - log - INFO - (u'ya29.TQHTZwqpgDHtheYNNO8wx4gBgkSXvJcK4GXTSZLKSAeamE4geBl4tlnUjnEIyeObM3TrEeC9W1-hCw', '')
2015-04-06 15:00:25,392 - log - INFO - no delete permisssion
2015-04-06 15:00:33,407 - log - INFO - simple login
2015-04-06 15:00:47,663 - log - INFO - 8407
2015-04-06 15:01:03,372 - log - DEBUG - error in chossing metrics
2015-04-06 15:01:03,606 - log - INFO - 16077
2015-04-06 15:01:11,057 - log - DEBUG - error in chossing metrics
2015-04-06 15:01:30,894 - log - INFO - add suggestions alok.kumar@unbxd.com::16077
2015-04-06 15:01:30,894 - log - INFO - updated the suggestion data
2015-04-06 15:01:30,935 - log - INFO - 16077
2015-04-06 15:01:46,347 - log - DEBUG - error in chossing metrics
2015-04-06 15:02:51,655 - log - INFO - add suggestions alok.kumar@unbxd.com:description*categories:16077
2015-04-06 15:02:51,656 - log - INFO - updated the suggestion data
2015-04-06 15:02:51,693 - log - INFO - 16077
2015-04-06 15:02:53,921 - log - DEBUG - error in chossing metrics
2015-04-06 15:03:11,190 - log - INFO - commitalok.kumar@unbxd.com:fundit_comxa_com-u1425893495473:16077
2015-04-06 15:03:11,193 - log - INFO - 16742
2015-04-06 15:03:12,064 - log - DEBUG - error in chossing metrics
2015-04-06 15:05:10,573 - log - INFO - 16077
2015-04-06 15:05:28,944 - log - DEBUG - error in chossing metrics
2015-04-06 15:05:34,552 - log - CRITICAL - read ,write,delete,mail,gmail session clear
2015-04-06 15:05:59,223 - log - INFO - parse_response_text
2015-04-06 15:05:59,224 - log - INFO - email_check
2015-04-06 15:05:59,227 - log - INFO - (u'ya29.TQHYtMMYl-VF1QOSFngSUECDtnmdoaNqtxbKrF2pK1n3w3XPxTQE1fZ2dnXOom56xTpuR4NcZ41hhA', '')
2015-04-06 15:05:59,227 - log - INFO - write permission
2015-04-06 15:05:59,227 - log - INFO - (u'ya29.TQHYtMMYl-VF1QOSFngSUECDtnmdoaNqtxbKrF2pK1n3w3XPxTQE1fZ2dnXOom56xTpuR4NcZ41hhA', '')
2015-04-06 15:05:59,227 - log - INFO - no delete permisssion
2015-04-06 15:06:01,399 - log - INFO - simple login
2015-04-06 15:06:18,580 - log - INFO - 16077
2015-04-06 15:06:25,814 - log - INFO - 16077
2015-04-06 15:06:57,306 - log - DEBUG - error in chossing metrics
2015-04-06 15:06:57,496 - log - INFO - 16077
2015-04-06 15:07:12,954 - log - DEBUG - error in chossing metrics
2015-04-06 15:07:13,084 - log - INFO - 16077
2015-04-06 15:07:31,070 - log - DEBUG - error in chossing metrics
2015-04-06 15:07:31,207 - log - INFO - 16077
2015-04-06 15:08:01,300 - log - CRITICAL - read ,write,delete,mail,gmail session clear
2015-04-06 15:08:07,151 - log - INFO - parse_response_text
2015-04-06 15:08:07,151 - log - INFO - email_check
2015-04-06 15:08:07,157 - log - INFO - (u'ya29.TQEAv_kceM4uVGXD6dktFRUDQNiUd7GF4Jh55Kk1vdwGEbJA7ffo03Xep0D8srDK1mxjxQZs0j4Nbw', '')
2015-04-06 15:08:07,157 - log - INFO - write permission
2015-04-06 15:08:07,157 - log - INFO - (u'ya29.TQEAv_kceM4uVGXD6dktFRUDQNiUd7GF4Jh55Kk1vdwGEbJA7ffo03Xep0D8srDK1mxjxQZs0j4Nbw', '')
2015-04-06 15:08:07,158 - log - INFO - no delete permisssion
2015-04-06 15:08:07,960 - log - INFO - simple login
2015-04-06 15:08:21,836 - log - INFO - 16077
2015-04-06 15:08:22,317 - log - DEBUG - error in chossing metrics
2015-04-06 15:08:58,360 - log - INFO - add suggestions alok.kumar@unbxd.com:categories*id:16077
2015-04-06 15:08:58,360 - log - INFO - updated the suggestion data
2015-04-06 15:08:58,379 - log - INFO - 16077
2015-04-06 15:09:00,891 - log - DEBUG - error in chossing metrics
2015-04-06 15:10:56,093 - log - INFO - commitalok.kumar@unbxd.com:fundit_comxa_com-u1425893495473:16077
2015-04-06 15:11:01,569 - log - INFO - 16742
2015-04-06 15:11:17,279 - log - DEBUG - error in chossing metrics
2015-04-06 15:18:21,515 - log - INFO - 16077
2015-04-06 15:18:22,046 - log - DEBUG - error in chossing metrics
2015-04-06 15:18:46,900 - log - INFO - add suggestions alok.kumar@unbxd.com:brand*url:insert
2015-04-06 15:18:46,900 - log - INFO - updated the suggestion data
2015-04-06 15:18:46,971 - log - INFO - insert
2015-04-06 15:18:47,161 - log - DEBUG - No JSON object could be decoded
2015-04-06 15:18:47,177 - log - INFO - error in alert
2015-04-06 15:19:00,935 - log - INFO - insert
2015-04-06 15:19:01,220 - log - DEBUG - No JSON object could be decoded
2015-04-06 15:19:01,240 - log - INFO - error in alert
2015-04-06 15:19:08,590 - log - CRITICAL - read ,write,delete,mail,gmail session clear
2015-04-06 15:19:13,505 - log - INFO - parse_response_text
2015-04-06 15:19:13,505 - log - INFO - email_check
2015-04-06 15:19:13,521 - log - INFO - (u'ya29.TQFBlzgyRxWnUYwJ8TXJ1wCHytg3iD_Y47IpazFwD5SoKLQKET-oLI5OkoAHQ6Xc6tiv61gE2DNx4w', '')
2015-04-06 15:19:13,521 - log - INFO - write permission
2015-04-06 15:19:13,521 - log - INFO - (u'ya29.TQFBlzgyRxWnUYwJ8TXJ1wCHytg3iD_Y47IpazFwD5SoKLQKET-oLI5OkoAHQ6Xc6tiv61gE2DNx4w', '')
2015-04-06 15:19:13,521 - log - INFO - no delete permisssion
2015-04-06 15:19:14,636 - log - INFO - simple login
2015-04-06 15:19:32,072 - log - INFO - 16077
2015-04-06 15:19:34,410 - log - DEBUG - error in chossing metrics
2015-04-06 15:19:53,530 - log - INFO - add suggestions alok.kumar@unbxd.com:gender*categories:16077
2015-04-06 15:19:53,530 - log - INFO - updated the suggestion data
2015-04-06 15:19:53,541 - log - INFO - 16077
2015-04-06 15:22:23,040 - log - DEBUG - error in chossing metrics
2015-04-06 15:22:25,024 - log - INFO - add suggestions alok.kumar@unbxd.com:gender*categories:16077
2015-04-06 15:22:25,024 - log - INFO - updated the suggestion data
2015-04-06 15:22:25,059 - log - INFO - 16077
2015-04-06 15:22:25,460 - log - DEBUG - error in chossing metrics
2015-04-06 15:27:20,746 - log - CRITICAL - read ,write,delete,mail,gmail session clear
2015-04-06 15:27:59,287 - log - INFO - parse_response_text
2015-04-06 15:27:59,287 - log - INFO - email_check
2015-04-06 15:27:59,290 - log - INFO - (u'ya29.TQE66VHCSkbqKsxHLc_2QUWk07a9H4csXha2Uyt8WS-ZGF1S8m7bfgJQbMIbmSX349Z2Lw9GbrXJeA', '')
2015-04-06 15:27:59,290 - log - INFO - write permission
2015-04-06 15:27:59,290 - log - INFO - (u'ya29.TQE66VHCSkbqKsxHLc_2QUWk07a9H4csXha2Uyt8WS-ZGF1S8m7bfgJQbMIbmSX349Z2Lw9GbrXJeA', '')
2015-04-06 15:27:59,290 - log - INFO - no delete permisssion
2015-04-06 15:28:31,439 - log - INFO - simple login
2015-04-06 15:44:56,662 - log - INFO - 16077
2015-04-06 15:44:59,929 - log - DEBUG - error in chossing metrics
2015-04-06 15:45:52,772 - log - CRITICAL - read ,write,delete,mail,gmail session clear
2015-04-06 15:45:57,129 - log - INFO - parse_response_text
2015-04-06 15:45:57,129 - log - INFO - email_check
2015-04-06 15:45:57,131 - log - INFO - (u'ya29.TQHFghm3BoFE9tOxrMh01EMgDwuTsEBVzGIWcVTfTfgDmRFXb37DPTWoa8-jN23WBFhcZMrjSLaGDw', '')
2015-04-06 15:45:57,131 - log - INFO - write permission
2015-04-06 15:45:57,131 - log - INFO - (u'ya29.TQHFghm3BoFE9tOxrMh01EMgDwuTsEBVzGIWcVTfTfgDmRFXb37DPTWoa8-jN23WBFhcZMrjSLaGDw', '')
2015-04-06 15:45:57,131 - log - INFO - delete permission
2015-04-06 15:47:39,685 - log - INFO - parse_response_text
2015-04-06 15:47:39,685 - log - INFO - email_check
2015-04-06 15:47:39,690 - log - INFO - (u'ya29.TQHFghm3BoFE9tOxrMh01EMgDwuTsEBVzGIWcVTfTfgDmRFXb37DPTWoa8-jN23WBFhcZMrjSLaGDw', '')
2015-04-06 15:47:39,690 - log - INFO - write permission
2015-04-06 15:47:39,690 - log - INFO - (u'ya29.TQHFghm3BoFE9tOxrMh01EMgDwuTsEBVzGIWcVTfTfgDmRFXb37DPTWoa8-jN23WBFhcZMrjSLaGDw', '')
2015-04-06 15:47:39,690 - log - INFO - delete permission
2015-04-06 15:47:40,652 - log - INFO - simple login
2015-04-06 15:47:57,927 - log - INFO - 16077
2015-04-06 15:47:58,444 - log - DEBUG - error in chossing metrics
2015-04-06 15:48:11,766 - log - INFO - delete suggestion alok.kumar@unbxd.com:gender_categories:16077
2015-04-06 15:48:11,767 - log - INFO - suggestion deleted
2015-04-06 15:48:11,790 - log - INFO - 16077
2015-04-06 15:48:12,276 - log - DEBUG - error in chossing metrics
2015-04-06 15:48:30,180 - log - INFO - commitalok.kumar@unbxd.com:fundit_comxa_com-u1425893495473:16077
2015-04-06 15:48:34,451 - log - INFO - 16742
2015-04-06 15:48:34,939 - log - DEBUG - error in chossing metrics
2015-04-06 15:49:40,116 - log - INFO - 16077
2015-04-06 15:49:40,674 - log - DEBUG - error in chossing metrics
2015-04-06 15:51:31,295 - log - INFO - delete suggestion alok.kumar@unbxd.com:categories_id:16077
2015-04-06 15:51:31,295 - log - INFO - suggestion deleted
2015-04-06 15:51:31,309 - log - INFO - 16077
2015-04-06 15:51:32,005 - log - DEBUG - error in chossing metrics
2015-04-06 15:51:44,730 - log - INFO - delete suggestion alok.kumar@unbxd.com:description_categories:16077
2015-04-06 15:51:44,730 - log - INFO - suggestion deleted
2015-04-06 15:51:44,735 - log - INFO - 16077
2015-04-06 15:51:45,973 - log - DEBUG - error in chossing metrics
2015-04-06 15:52:05,290 - log - INFO - commitalok.kumar@unbxd.com:fundit_comxa_com-u1425893495473:16077
2015-04-06 15:52:09,434 - log - INFO - 16742
2015-04-06 15:52:11,153 - log - DEBUG - error in chossing metrics
2015-04-06 15:52:39,023 - log - INFO - 16077
2015-04-06 15:52:39,548 - log - DEBUG - error in chossing metrics
2015-04-06 16:01:43,871 - log - INFO - 16077
2015-04-06 16:04:42,738 - log - INFO - parse_response_text
2015-04-06 16:04:42,738 - log - INFO - email_check
2015-04-06 16:04:42,742 - log - INFO - (u'ya29.TQF2y5Oyd_r8gtLgIYt7QoiIQE_KoWifCrn-kcVVmhuR1K5W8Z7R4lva93jfvWxah7LiybCSsO3O-Q', '')
2015-04-06 16:04:42,742 - log - INFO - write permission
2015-04-06 16:04:42,742 - log - INFO - (u'ya29.TQF2y5Oyd_r8gtLgIYt7QoiIQE_KoWifCrn-kcVVmhuR1K5W8Z7R4lva93jfvWxah7LiybCSsO3O-Q', '')
2015-04-06 16:04:42,743 - log - INFO - delete permission
2015-04-06 16:06:18,747 - log - INFO - parse_response_text
2015-04-06 16:06:18,747 - log - INFO - email_check
2015-04-06 16:06:18,752 - log - INFO - (u'ya29.TQF2y5Oyd_r8gtLgIYt7QoiIQE_KoWifCrn-kcVVmhuR1K5W8Z7R4lva93jfvWxah7LiybCSsO3O-Q', '')
2015-04-06 16:06:18,752 - log - INFO - write permission
2015-04-06 16:06:18,752 - log - INFO - (u'ya29.TQF2y5Oyd_r8gtLgIYt7QoiIQE_KoWifCrn-kcVVmhuR1K5W8Z7R4lva93jfvWxah7LiybCSsO3O-Q', '')
2015-04-06 16:06:18,752 - log - INFO - delete permission
2015-04-06 16:06:19,721 - log - INFO - simple login
2015-04-06 16:06:40,139 - log - INFO - 16077
2015-04-06 16:07:50,939 - log - DEBUG - error in chossing metrics
2015-04-06 16:07:51,200 - log - INFO - simple login
2015-04-06 16:08:56,437 - log - INFO - delete suggestion alok.kumar@unbxd.com:price:16077
2015-04-06 16:08:56,438 - log - INFO - suggestion deleted
2015-04-06 16:08:56,444 - log - INFO - 16077
2015-04-06 16:11:05,040 - log - DEBUG - error in chossing metrics
2015-04-06 16:12:11,738 - log - INFO - simple login
2015-04-06 16:12:18,735 - log - CRITICAL - read ,write,delete,mail,gmail session clear
2015-04-06 16:12:24,130 - log - INFO - parse_response_text
2015-04-06 16:12:24,130 - log - INFO - email_check
2015-04-06 16:12:24,134 - log - INFO - (u'ya29.TQGV8bcOLylKzuZtSg_ONwHQmzpx2_QvHs1M9AguWSJLbg2K0mousCFCRcdqmnByer3syTPuZiDpDg', '')
2015-04-06 16:12:24,134 - log - INFO - write permission
2015-04-06 16:12:24,134 - log - INFO - (u'ya29.TQGV8bcOLylKzuZtSg_ONwHQmzpx2_QvHs1M9AguWSJLbg2K0mousCFCRcdqmnByer3syTPuZiDpDg', '')
2015-04-06 16:12:24,134 - log - INFO - delete permission
2015-04-06 16:12:25,041 - log - INFO - simple login
2015-04-06 16:12:34,467 - log - INFO - 16077
2015-04-06 16:12:34,821 - log - DEBUG - error in chossing metrics
2015-04-06 16:12:41,189 - log - INFO - delete suggestion alok.kumar@unbxd.com:gender:16077
2015-04-06 16:12:41,189 - log - INFO - suggestion deleted
2015-04-06 16:12:41,196 - log - INFO - 16077
2015-04-06 16:12:41,513 - log - DEBUG - error in chossing metrics
2015-04-06 16:12:51,833 - log - INFO - commitalok.kumar@unbxd.com:fundit_comxa_com-u1425893495473:16077
2015-04-06 16:13:04,183 - log - INFO - 16742
2015-04-06 16:13:04,583 - log - DEBUG - error in chossing metrics
2015-04-06 16:16:35,935 - log - CRITICAL - read ,write,delete,mail,gmail session clear
2015-04-06 16:17:53,839 - log - INFO - parse_response_text
2015-04-06 16:17:53,839 - log - INFO - email_check
2015-04-06 16:17:53,843 - log - INFO - (u'ya29.TQFENBXbWHVAX4juO-MqetD4vKGytVoSAS_JeP1XwBIZhE68dE8qgxfqtEZ3zITgRd1lVrOpRf5Opg', '')
2015-04-06 16:17:53,843 - log - INFO - write permission
2015-04-06 16:17:53,843 - log - INFO - (u'ya29.TQFENBXbWHVAX4juO-MqetD4vKGytVoSAS_JeP1XwBIZhE68dE8qgxfqtEZ3zITgRd1lVrOpRf5Opg', '')
2015-04-06 16:17:53,843 - log - INFO - delete permission
2015-04-06 16:17:54,386 - log - INFO - simple login
2015-04-06 16:18:07,154 - log - INFO - 16077
2015-04-06 16:18:46,664 - log - INFO - delete in field
2015-04-06 16:18:46,664 - log - INFO - delete infield alok.kumar@unbxd.com:imageUrl:16077
2015-04-06 16:18:46,675 - log - INFO - 16077
2015-04-06 16:19:10,769 - log - INFO - commitalok.kumar@unbxd.com:fundit_comxa_com-u1425893495473:16077
2015-04-06 16:19:15,451 - log - INFO - 16742
2015-04-06 16:32:13,300 - log - CRITICAL - read ,write,delete,mail,gmail session clear
2015-04-06 16:32:34,573 - log - INFO - parse_response_text
2015-04-06 16:32:34,573 - log - INFO - email_check
2015-04-06 16:32:34,577 - log - INFO - (u'ya29.TQEUk_Sx9Zww4EK2XCejObTMgX2JouFEMGuL9Hscog92q4f9h1gEOjSKBOh6pAYbD07e9GMAnBwX3Q', '')
2015-04-06 16:32:34,577 - log - INFO - write permission
2015-04-06 16:32:34,577 - log - INFO - (u'ya29.TQEUk_Sx9Zww4EK2XCejObTMgX2JouFEMGuL9Hscog92q4f9h1gEOjSKBOh6pAYbD07e9GMAnBwX3Q', '')
2015-04-06 16:32:34,577 - log - INFO - delete permission
2015-04-06 16:41:05,355 - log - INFO - 16742
2015-04-06 16:42:06,742 - log - CRITICAL - read ,write,delete,mail,gmail session clear
2015-04-06 16:42:41,907 - log - CRITICAL - read ,write,delete,mail,gmail session clear
2015-04-06 16:43:18,636 - log - INFO - parse_response_text
2015-04-06 16:43:18,637 - log - INFO - email_check
2015-04-06 16:43:18,637 - log - WARNING - pls use yours verified mail
2015-04-06 16:43:18,645 - log - CRITICAL - read ,write,delete,mail,gmail session clear
2015-04-06 16:44:35,230 - log - INFO - parse_response_text
2015-04-06 16:44:35,230 - log - INFO - email_check
2015-04-06 16:44:35,233 - log - INFO - (u'ya29.TQGnPJoThxvRP5mk542q0HmXl5GmLGQesHLPDhvS2duCEMX0xqaZuz1d3fwSO_S0eHmG9uei1Sistw', '')
2015-04-06 16:44:35,233 - log - INFO - write permission
2015-04-06 16:44:35,233 - log - INFO - (u'ya29.TQGnPJoThxvRP5mk542q0HmXl5GmLGQesHLPDhvS2duCEMX0xqaZuz1d3fwSO_S0eHmG9uei1Sistw', '')
2015-04-06 16:44:35,233 - log - INFO - delete permission
2015-04-06 16:46:42,494 - log - DEBUG - (2003, "Can't connect to MySQL server on '54.151.204.236' ([Errno 110] Connection timed out)")
2015-04-06 16:46:42,501 - log - INFO - simple login
2015-04-06 16:54:14,905 - log - INFO - simple login
2015-04-06 16:54:39,401 - log - INFO - parse_response_text
2015-04-06 16:54:39,401 - log - INFO - email_check
2015-04-06 16:54:39,404 - log - INFO - (u'ya29.TQEUk_Sx9Zww4EK2XCejObTMgX2JouFEMGuL9Hscog92q4f9h1gEOjSKBOh6pAYbD07e9GMAnBwX3Q', '')
2015-04-06 16:54:39,404 - log - INFO - write permission
2015-04-06 16:54:39,405 - log - INFO - (u'ya29.TQEUk_Sx9Zww4EK2XCejObTMgX2JouFEMGuL9Hscog92q4f9h1gEOjSKBOh6pAYbD07e9GMAnBwX3Q', '')
2015-04-06 16:54:39,405 - log - INFO - delete permission
2015-04-06 16:54:55,564 - log - CRITICAL - read ,write,delete,mail,gmail session clear
2015-04-06 16:54:55,628 - log - INFO - simple login
2015-04-06 16:55:15,982 - log - INFO - parse_response_text
2015-04-06 16:55:15,982 - log - INFO - email_check
2015-04-06 16:55:15,985 - log - INFO - (u'ya29.TQHHsMc0z-RS3W4wBxqOkkoxqNy67hCk66c3xGOonnMuZJA_FMSRU3Rk72fGo7Eda-YaUqCbQwAs-Q', '')
2015-04-06 16:55:15,985 - log - INFO - write permission
2015-04-06 16:55:15,985 - log - INFO - (u'ya29.TQHHsMc0z-RS3W4wBxqOkkoxqNy67hCk66c3xGOonnMuZJA_FMSRU3Rk72fGo7Eda-YaUqCbQwAs-Q', '')
2015-04-06 16:55:15,985 - log - INFO - delete permission
2015-04-06 16:55:16,867 - log - INFO - simple login
2015-04-06 16:59:02,627 - log - INFO - simple login
2015-04-06 17:16:55,807 - log - INFO - simple login
